<?xml version="1.0" encoding="utf-8"?>
<coverage line-rate="0.7281" branch-rate="0.6931" version="1.9" timestamp="1758057300" lines-covered="217" lines-valid="298" branches-covered="122" branches-valid="176">
  <sources>
    <source>/home/mattias/codex-appconfig/src/AppConfigCli.Core/</source>
  </sources>
  <packages>
    <package name="AppConfigCli.Core" line-rate="0.7281" branch-rate="0.6931" complexity="186">
      <classes>
        <class name="AppConfigCli.Core.AppStateReconciler" filename="AppStateReconciler.cs" line-rate="0.6923" branch-rate="0.45649999999999996" complexity="46">
          <methods>
            <method name="Reconcile" signature="(System.String,System.String,System.Collections.Generic.IEnumerable`1&lt;AppConfigCli.Core.Item&gt;,System.Collections.Generic.IEnumerable`1&lt;AppConfigCli.Core.ConfigEntry&gt;)" line-rate="0.6923" branch-rate="0.45649999999999996" complexity="46">
              <lines>
                <line number="14" hits="3" branch="False" />
                <line number="15" hits="3" branch="False" />
                <line number="16" hits="6" branch="True" condition-coverage="50% (1/2)">
                  <conditions>
                    <condition number="13" type="jump" coverage="50%" />
                  </conditions>
                </line>
                <line number="17" hits="3" branch="False" />
                <line number="19" hits="3" branch="False" />
                <line number="20" hits="3" branch="False" />
                <line number="22" hits="11" branch="True" condition-coverage="100% (2/2)">
                  <conditions>
                    <condition number="843" type="jump" coverage="100%" />
                  </conditions>
                </line>
                <line number="23" hits="1" branch="False" />
                <line number="24" hits="1" branch="True" condition-coverage="50% (1/2)">
                  <conditions>
                    <condition number="118" type="jump" coverage="50%" />
                  </conditions>
                </line>
                <line number="25" hits="1" branch="False" />
                <line number="27" hits="1" branch="True" condition-coverage="50% (1/2)">
                  <conditions>
                    <condition number="163" type="jump" coverage="50%" />
                  </conditions>
                </line>
                <line number="28" hits="1" branch="False" />
                <line number="29" hits="1" branch="False" />
                <line number="31" hits="1" branch="True" condition-coverage="50% (1/2)">
                  <conditions>
                    <condition number="241" type="jump" coverage="50%" />
                  </conditions>
                </line>
                <line number="32" hits="0" branch="False" />
                <line number="33" hits="0" branch="False" />
                <line number="34" hits="0" branch="False" />
                <line number="37" hits="1" branch="True" condition-coverage="25% (1/4)">
                  <conditions>
                    <condition number="351" type="switch" coverage="25%" />
                  </conditions>
                </line>
                <line number="40" hits="0" branch="False" />
                <line number="41" hits="0" branch="False" />
                <line number="43" hits="0" branch="False" />
                <line number="44" hits="0" branch="True" condition-coverage="0% (0/6)">
                  <conditions>
                    <condition number="472" type="jump" coverage="0%" />
                    <condition number="488" type="jump" coverage="0%" />
                    <condition number="502" type="jump" coverage="0%" />
                  </conditions>
                </line>
                <line number="45" hits="0" branch="False" />
                <line number="46" hits="0" branch="False" />
                <line number="47" hits="0" branch="False" />
                <line number="48" hits="0" branch="False" />
                <line number="51" hits="1" branch="False" />
                <line number="52" hits="1" branch="True" condition-coverage="50% (2/4)">
                  <conditions>
                    <condition number="610" type="jump" coverage="50%" />
                    <condition number="626" type="jump" coverage="50%" />
                  </conditions>
                </line>
                <line number="53" hits="1" branch="True" condition-coverage="50% (2/4)">
                  <conditions>
                    <condition number="702" type="jump" coverage="50%" />
                    <condition number="729" type="jump" coverage="50%" />
                  </conditions>
                </line>
                <line number="54" hits="1" branch="False" />
                <line number="57" hits="0" branch="False" />
                <line number="58" hits="0" branch="False" />
                <line number="60" hits="1" branch="False" />
                <line number="62" hits="15" branch="True" condition-coverage="100% (2/2)">
                  <conditions>
                    <condition number="1125" type="jump" coverage="100%" />
                  </conditions>
                </line>
                <line number="63" hits="3" branch="False" />
                <line number="64" hits="3" branch="True" condition-coverage="50% (1/2)">
                  <conditions>
                    <condition number="898" type="jump" coverage="50%" />
                  </conditions>
                </line>
                <line number="65" hits="4" branch="True" condition-coverage="100% (2/2)">
                  <conditions>
                    <condition number="932" type="jump" coverage="100%" />
                  </conditions>
                </line>
                <line number="67" hits="2" branch="True" condition-coverage="50% (1/2)">
                  <conditions>
                    <condition number="953" type="jump" coverage="50%" />
                  </conditions>
                </line>
                <line number="68" hits="2" branch="False" />
                <line number="69" hits="2" branch="False" />
                <line number="71" hits="2" branch="True" condition-coverage="100% (4/4)">
                  <conditions>
                    <condition number="1016" type="jump" coverage="100%" />
                    <condition number="1034" type="jump" coverage="100%" />
                  </conditions>
                </line>
                <line number="72" hits="1" branch="False" />
                <line number="73" hits="1" branch="False" />
                <line number="74" hits="1" branch="False" />
                <line number="75" hits="2" branch="False" />
                <line number="77" hits="3" branch="False" />
                <line number="78" hits="0" branch="False" />
                <line number="79" hits="0" branch="False" />
                <line number="80" hits="0" branch="True" condition-coverage="0% (0/6)">
                  <conditions>
                    <condition number="21" type="jump" coverage="0%" />
                    <condition number="30" type="jump" coverage="0%" />
                    <condition number="45" type="jump" coverage="0%" />
                  </conditions>
                </line>
                <line number="81" hits="3" branch="False" />
                <line number="83" hits="3" branch="False" />
                <line number="84" hits="3" branch="False" />
              </lines>
            </method>
          </methods>
          <lines>
            <line number="14" hits="3" branch="False" />
            <line number="15" hits="3" branch="False" />
            <line number="16" hits="6" branch="True" condition-coverage="50% (1/2)">
              <conditions>
                <condition number="13" type="jump" coverage="50%" />
              </conditions>
            </line>
            <line number="17" hits="3" branch="False" />
            <line number="19" hits="3" branch="False" />
            <line number="20" hits="3" branch="False" />
            <line number="22" hits="11" branch="True" condition-coverage="100% (2/2)">
              <conditions>
                <condition number="843" type="jump" coverage="100%" />
              </conditions>
            </line>
            <line number="23" hits="1" branch="False" />
            <line number="24" hits="1" branch="True" condition-coverage="50% (1/2)">
              <conditions>
                <condition number="118" type="jump" coverage="50%" />
              </conditions>
            </line>
            <line number="25" hits="1" branch="False" />
            <line number="27" hits="1" branch="True" condition-coverage="50% (1/2)">
              <conditions>
                <condition number="163" type="jump" coverage="50%" />
              </conditions>
            </line>
            <line number="28" hits="1" branch="False" />
            <line number="29" hits="1" branch="False" />
            <line number="31" hits="1" branch="True" condition-coverage="50% (1/2)">
              <conditions>
                <condition number="241" type="jump" coverage="50%" />
              </conditions>
            </line>
            <line number="32" hits="0" branch="False" />
            <line number="33" hits="0" branch="False" />
            <line number="34" hits="0" branch="False" />
            <line number="37" hits="1" branch="True" condition-coverage="25% (1/4)">
              <conditions>
                <condition number="351" type="switch" coverage="25%" />
              </conditions>
            </line>
            <line number="40" hits="0" branch="False" />
            <line number="41" hits="0" branch="False" />
            <line number="43" hits="0" branch="False" />
            <line number="44" hits="0" branch="True" condition-coverage="0% (0/6)">
              <conditions>
                <condition number="472" type="jump" coverage="0%" />
                <condition number="488" type="jump" coverage="0%" />
                <condition number="502" type="jump" coverage="0%" />
              </conditions>
            </line>
            <line number="45" hits="0" branch="False" />
            <line number="46" hits="0" branch="False" />
            <line number="47" hits="0" branch="False" />
            <line number="48" hits="0" branch="False" />
            <line number="51" hits="1" branch="False" />
            <line number="52" hits="1" branch="True" condition-coverage="50% (2/4)">
              <conditions>
                <condition number="610" type="jump" coverage="50%" />
                <condition number="626" type="jump" coverage="50%" />
              </conditions>
            </line>
            <line number="53" hits="1" branch="True" condition-coverage="50% (2/4)">
              <conditions>
                <condition number="702" type="jump" coverage="50%" />
                <condition number="729" type="jump" coverage="50%" />
              </conditions>
            </line>
            <line number="54" hits="1" branch="False" />
            <line number="57" hits="0" branch="False" />
            <line number="58" hits="0" branch="False" />
            <line number="60" hits="1" branch="False" />
            <line number="62" hits="15" branch="True" condition-coverage="100% (2/2)">
              <conditions>
                <condition number="1125" type="jump" coverage="100%" />
              </conditions>
            </line>
            <line number="63" hits="3" branch="False" />
            <line number="64" hits="3" branch="True" condition-coverage="50% (1/2)">
              <conditions>
                <condition number="898" type="jump" coverage="50%" />
              </conditions>
            </line>
            <line number="65" hits="4" branch="True" condition-coverage="100% (2/2)">
              <conditions>
                <condition number="932" type="jump" coverage="100%" />
              </conditions>
            </line>
            <line number="67" hits="2" branch="True" condition-coverage="50% (1/2)">
              <conditions>
                <condition number="953" type="jump" coverage="50%" />
              </conditions>
            </line>
            <line number="68" hits="2" branch="False" />
            <line number="69" hits="2" branch="False" />
            <line number="71" hits="2" branch="True" condition-coverage="100% (4/4)">
              <conditions>
                <condition number="1016" type="jump" coverage="100%" />
                <condition number="1034" type="jump" coverage="100%" />
              </conditions>
            </line>
            <line number="72" hits="1" branch="False" />
            <line number="73" hits="1" branch="False" />
            <line number="74" hits="1" branch="False" />
            <line number="75" hits="2" branch="False" />
            <line number="77" hits="3" branch="False" />
            <line number="78" hits="0" branch="False" />
            <line number="79" hits="0" branch="False" />
            <line number="80" hits="0" branch="True" condition-coverage="0% (0/6)">
              <conditions>
                <condition number="21" type="jump" coverage="0%" />
                <condition number="30" type="jump" coverage="0%" />
                <condition number="45" type="jump" coverage="0%" />
              </conditions>
            </line>
            <line number="81" hits="3" branch="False" />
            <line number="83" hits="3" branch="False" />
            <line number="84" hits="3" branch="False" />
          </lines>
        </class>
        <class name="AppConfigCli.Core.FlatKeyMapper" filename="FlatKeyMapper.cs" line-rate="0.6264" branch-rate="0.6285000000000001" complexity="71">
          <methods>
            <method name="BuildTree" signature="(System.Collections.Generic.IEnumerable`1&lt;System.Collections.Generic.KeyValuePair`2&lt;System.String,System.String&gt;&gt;,System.Char)" line-rate="1" branch-rate="1" complexity="2">
              <lines>
                <line number="14" hits="2" branch="False" />
                <line number="15" hits="2" branch="False" />
                <line number="16" hits="26" branch="True" condition-coverage="100% (2/2)">
                  <conditions>
                    <condition number="67" type="jump" coverage="100%" />
                  </conditions>
                </line>
                <line number="17" hits="10" branch="False" />
                <line number="18" hits="10" branch="False" />
                <line number="19" hits="10" branch="False" />
                <line number="20" hits="10" branch="False" />
                <line number="21" hits="2" branch="False" />
                <line number="22" hits="2" branch="False" />
              </lines>
            </method>
            <method name="Flatten" signature="(System.Object,System.Char)" line-rate="1" branch-rate="1" complexity="1">
              <lines>
                <line number="25" hits="1" branch="False" />
                <line number="26" hits="1" branch="False" />
                <line number="27" hits="1" branch="False" />
                <line number="85" hits="1" branch="False" />
                <line number="86" hits="1" branch="False" />
                <line number="87" hits="1" branch="False" />
              </lines>
            </method>
            <method name="AddPath" signature="(System.Collections.Generic.Dictionary`2&lt;System.String,System.Object&gt;,System.String[],System.String)" line-rate="0.8" branch-rate="0.8" complexity="20">
              <lines>
                <line number="90" hits="24" branch="False" />
                <line number="91" hits="24" branch="True" condition-coverage="50% (1/2)">
                  <conditions>
                    <condition number="8" type="jump" coverage="50%" />
                  </conditions>
                </line>
                <line number="92" hits="0" branch="False" />
                <line number="93" hits="0" branch="False" />
                <line number="94" hits="0" branch="False" />
                <line number="96" hits="24" branch="False" />
                <line number="97" hits="24" branch="True" condition-coverage="100% (2/2)">
                  <conditions>
                    <condition number="47" type="jump" coverage="100%" />
                  </conditions>
                </line>
                <line number="98" hits="12" branch="False" />
                <line number="99" hits="12" branch="True" condition-coverage="100% (2/2)">
                  <conditions>
                    <condition number="63" type="jump" coverage="100%" />
                  </conditions>
                </line>
                <line number="100" hits="8" branch="False" />
                <line number="101" hits="8" branch="False" />
                <line number="102" hits="8" branch="False" />
                <line number="104" hits="4" branch="False" />
                <line number="105" hits="4" branch="True" condition-coverage="100% (2/2)">
                  <conditions>
                    <condition number="98" type="jump" coverage="100%" />
                  </conditions>
                </line>
                <line number="106" hits="2" branch="False" />
                <line number="107" hits="2" branch="False" />
                <line number="108" hits="2" branch="False" />
                <line number="109" hits="2" branch="False" />
                <line number="110" hits="2" branch="False" />
                <line number="112" hits="2" branch="False" />
                <line number="113" hits="2" branch="False" />
                <line number="114" hits="2" branch="False" />
                <line number="115" hits="2" branch="False" />
                <line number="116" hits="2" branch="False" />
                <line number="117" hits="4" branch="False" />
                <line number="118" hits="12" branch="True" condition-coverage="100% (2/2)">
                  <conditions>
                    <condition number="220" type="jump" coverage="100%" />
                  </conditions>
                </line>
                <line number="119" hits="2" branch="False" />
                <line number="120" hits="2" branch="True" condition-coverage="50% (1/2)">
                  <conditions>
                    <condition number="230" type="jump" coverage="50%" />
                  </conditions>
                </line>
                <line number="121" hits="2" branch="True" condition-coverage="50% (1/2)">
                  <conditions>
                    <condition number="253" type="jump" coverage="50%" />
                  </conditions>
                </line>
                <line number="122" hits="0" branch="False" />
                <line number="123" hits="0" branch="False" />
                <line number="124" hits="0" branch="False" />
                <line number="126" hits="0" branch="False" />
                <line number="127" hits="0" branch="False" />
                <line number="129" hits="2" branch="False" />
                <line number="130" hits="2" branch="False" />
                <line number="131" hits="2" branch="False" />
                <line number="132" hits="2" branch="False" />
                <line number="133" hits="2" branch="False" />
                <line number="134" hits="2" branch="False" />
                <line number="135" hits="10" branch="True" condition-coverage="100% (2/2)">
                  <conditions>
                    <condition number="389" type="jump" coverage="100%" />
                  </conditions>
                </line>
                <line number="136" hits="8" branch="False" />
                <line number="137" hits="8" branch="True" condition-coverage="50% (1/2)">
                  <conditions>
                    <condition number="402" type="jump" coverage="50%" />
                  </conditions>
                </line>
                <line number="138" hits="0" branch="False" />
                <line number="139" hits="0" branch="False" />
                <line number="140" hits="0" branch="False" />
                <line number="142" hits="8" branch="False" />
                <line number="143" hits="8" branch="False" />
                <line number="144" hits="8" branch="False" />
                <line number="145" hits="8" branch="False" />
                <line number="146" hits="2" branch="True" condition-coverage="100% (2/2)">
                  <conditions>
                    <condition number="470" type="jump" coverage="100%" />
                  </conditions>
                </line>
                <line number="147" hits="2" branch="False" />
                <line number="148" hits="2" branch="False" />
                <line number="149" hits="2" branch="False" />
                <line number="150" hits="24" branch="False" />
              </lines>
            </method>
            <method name="AddPathList" signature="(System.Collections.Generic.List`1&lt;System.Object&gt;,System.String[],System.String)" line-rate="0.36200000000000004" branch-rate="0.4" complexity="20">
              <lines>
                <line number="153" hits="4" branch="False" />
                <line number="154" hits="4" branch="True" condition-coverage="100% (2/2)">
                  <conditions>
                    <condition number="10" type="jump" coverage="100%" />
                  </conditions>
                </line>
                <line number="155" hits="4" branch="False" />
                <line number="156" hits="4" branch="True" condition-coverage="50% (1/2)">
                  <conditions>
                    <condition number="36" type="jump" coverage="50%" />
                  </conditions>
                </line>
                <line number="157" hits="0" branch="False" />
                <line number="159" hits="0" branch="False" />
                <line number="160" hits="0" branch="False" />
                <line number="161" hits="0" branch="True" condition-coverage="0% (0/2)">
                  <conditions>
                    <condition number="77" type="jump" coverage="0%" />
                  </conditions>
                </line>
                <line number="162" hits="0" branch="False" />
                <line number="163" hits="0" branch="False" />
                <line number="164" hits="0" branch="False" />
                <line number="165" hits="0" branch="False" />
                <line number="166" hits="0" branch="False" />
                <line number="167" hits="0" branch="False" />
                <line number="170" hits="4" branch="False" />
                <line number="171" hits="4" branch="False" />
                <line number="172" hits="4" branch="True" condition-coverage="100% (2/2)">
                  <conditions>
                    <condition number="147" type="jump" coverage="100%" />
                  </conditions>
                </line>
                <line number="173" hits="2" branch="False" />
                <line number="174" hits="2" branch="False" />
                <line number="175" hits="2" branch="False" />
                <line number="177" hits="2" branch="False" />
                <line number="178" hits="2" branch="True" condition-coverage="50% (1/2)">
                  <conditions>
                    <condition number="183" type="jump" coverage="50%" />
                  </conditions>
                </line>
                <line number="179" hits="2" branch="False" />
                <line number="180" hits="2" branch="True" condition-coverage="50% (1/2)">
                  <conditions>
                    <condition number="191" type="jump" coverage="50%" />
                  </conditions>
                </line>
                <line number="181" hits="0" branch="False" />
                <line number="182" hits="0" branch="False" />
                <line number="183" hits="0" branch="False" />
                <line number="184" hits="0" branch="False" />
                <line number="185" hits="0" branch="False" />
                <line number="187" hits="2" branch="False" />
                <line number="188" hits="2" branch="False" />
                <line number="189" hits="2" branch="False" />
                <line number="190" hits="2" branch="False" />
                <line number="191" hits="2" branch="False" />
                <line number="192" hits="2" branch="False" />
                <line number="193" hits="0" branch="True" condition-coverage="0% (0/2)">
                  <conditions>
                    <condition number="313" type="jump" coverage="0%" />
                  </conditions>
                </line>
                <line number="194" hits="0" branch="False" />
                <line number="195" hits="0" branch="True" condition-coverage="0% (0/2)">
                  <conditions>
                    <condition number="321" type="jump" coverage="0%" />
                  </conditions>
                </line>
                <line number="196" hits="0" branch="False" />
                <line number="197" hits="0" branch="False" />
                <line number="198" hits="0" branch="False" />
                <line number="199" hits="0" branch="False" />
                <line number="200" hits="0" branch="False" />
                <line number="202" hits="0" branch="False" />
                <line number="203" hits="0" branch="False" />
                <line number="204" hits="0" branch="False" />
                <line number="205" hits="0" branch="False" />
                <line number="206" hits="0" branch="False" />
                <line number="207" hits="0" branch="False" />
                <line number="208" hits="0" branch="True" condition-coverage="0% (0/2)">
                  <conditions>
                    <condition number="454" type="jump" coverage="0%" />
                  </conditions>
                </line>
                <line number="209" hits="0" branch="False" />
                <line number="210" hits="0" branch="False" />
                <line number="211" hits="0" branch="False" />
                <line number="212" hits="0" branch="True" condition-coverage="50% (1/2)">
                  <conditions>
                    <condition number="503" type="jump" coverage="50%" />
                  </conditions>
                </line>
                <line number="213" hits="0" branch="False" />
                <line number="214" hits="0" branch="False" />
                <line number="215" hits="0" branch="False" />
                <line number="216" hits="4" branch="False" />
              </lines>
            </method>
            <method name="EnsureListSize" signature="(System.Collections.Generic.List`1&lt;System.Object&gt;,System.Int32)" line-rate="1" branch-rate="1" complexity="2">
              <lines>
                <line number="219" hits="4" branch="False" />
                <line number="220" hits="12" branch="True" condition-coverage="100% (2/2)">
                  <conditions>
                    <condition number="22" type="jump" coverage="100%" />
                  </conditions>
                </line>
                <line number="221" hits="4" branch="False" />
              </lines>
            </method>
            <method name="&lt;Flatten&gt;g__Walk|2_0" signature="(System.Object,AppConfigCli.Core.FlatKeyMapper/&lt;&gt;c__DisplayClass2_0&amp;)" line-rate="0.6046" branch-rate="0.6153" complexity="26">
              <lines>
                <line number="30" hits="8" branch="False" />
                <line number="31" hits="8" branch="True" condition-coverage="87.5% (7/8)">
                  <conditions>
                    <condition number="10" type="jump" coverage="100%" />
                    <condition number="21" type="jump" coverage="100%" />
                    <condition number="34" type="jump" coverage="100%" />
                    <condition number="47" type="jump" coverage="50%" />
                  </conditions>
                </line>
                <line number="35" hits="0" branch="False" />
                <line number="37" hits="3" branch="False" />
                <line number="38" hits="3" branch="False" />
                <line number="39" hits="3" branch="False" />
                <line number="41" hits="4" branch="True" condition-coverage="100% (2/2)">
                  <conditions>
                    <condition number="126" type="jump" coverage="100%" />
                  </conditions>
                </line>
                <line number="42" hits="1" branch="False" />
                <line number="43" hits="1" branch="False" />
                <line number="44" hits="1" branch="True" condition-coverage="50% (1/2)">
                  <conditions>
                    <condition number="168" type="jump" coverage="50%" />
                  </conditions>
                </line>
                <line number="45" hits="1" branch="False" />
                <line number="46" hits="24" branch="True" condition-coverage="100% (2/2)">
                  <conditions>
                    <condition number="283" type="jump" coverage="100%" />
                  </conditions>
                </line>
                <line number="47" hits="6" branch="False" />
                <line number="48" hits="7" branch="True" condition-coverage="100% (2/2)">
                  <conditions>
                    <condition number="226" type="jump" coverage="100%" />
                  </conditions>
                </line>
                <line number="49" hits="5" branch="False" />
                <line number="50" hits="5" branch="False" />
                <line number="51" hits="5" branch="False" />
                <line number="52" hits="5" branch="False" />
                <line number="53" hits="4" branch="False" />
                <line number="55" hits="6" branch="True" condition-coverage="100% (2/2)">
                  <conditions>
                    <condition number="384" type="jump" coverage="100%" />
                  </conditions>
                </line>
                <line number="56" hits="2" branch="False" />
                <line number="57" hits="2" branch="False" />
                <line number="58" hits="2" branch="False" />
                <line number="59" hits="2" branch="False" />
                <line number="60" hits="2" branch="False" />
                <line number="61" hits="1" branch="False" />
                <line number="64" hits="0" branch="True" condition-coverage="0% (0/4)">
                  <conditions>
                    <condition number="399" type="jump" coverage="0%" />
                    <condition number="420" type="jump" coverage="0%" />
                  </conditions>
                </line>
                <line number="65" hits="0" branch="False" />
                <line number="66" hits="0" branch="False" />
                <line number="67" hits="0" branch="True" condition-coverage="0% (0/2)">
                  <conditions>
                    <condition number="501" type="jump" coverage="0%" />
                  </conditions>
                </line>
                <line number="68" hits="0" branch="False" />
                <line number="69" hits="0" branch="False" />
                <line number="70" hits="0" branch="False" />
                <line number="71" hits="0" branch="False" />
                <line number="72" hits="0" branch="False" />
                <line number="73" hits="0" branch="False" />
                <line number="74" hits="0" branch="False" />
                <line number="76" hits="0" branch="False" />
                <line number="78" hits="0" branch="False" />
                <line number="79" hits="0" branch="True" condition-coverage="0% (0/2)">
                  <conditions>
                    <condition number="570" type="jump" coverage="0%" />
                  </conditions>
                </line>
                <line number="80" hits="0" branch="False" />
                <line number="81" hits="0" branch="False" />
                <line number="83" hits="8" branch="False" />
              </lines>
            </method>
          </methods>
          <lines>
            <line number="14" hits="2" branch="False" />
            <line number="15" hits="2" branch="False" />
            <line number="16" hits="26" branch="True" condition-coverage="100% (2/2)">
              <conditions>
                <condition number="67" type="jump" coverage="100%" />
              </conditions>
            </line>
            <line number="17" hits="10" branch="False" />
            <line number="18" hits="10" branch="False" />
            <line number="19" hits="10" branch="False" />
            <line number="20" hits="10" branch="False" />
            <line number="21" hits="2" branch="False" />
            <line number="22" hits="2" branch="False" />
            <line number="25" hits="1" branch="False" />
            <line number="26" hits="1" branch="False" />
            <line number="27" hits="1" branch="False" />
            <line number="85" hits="1" branch="False" />
            <line number="86" hits="1" branch="False" />
            <line number="87" hits="1" branch="False" />
            <line number="90" hits="24" branch="False" />
            <line number="91" hits="24" branch="True" condition-coverage="50% (1/2)">
              <conditions>
                <condition number="8" type="jump" coverage="50%" />
              </conditions>
            </line>
            <line number="92" hits="0" branch="False" />
            <line number="93" hits="0" branch="False" />
            <line number="94" hits="0" branch="False" />
            <line number="96" hits="24" branch="False" />
            <line number="97" hits="24" branch="True" condition-coverage="100% (2/2)">
              <conditions>
                <condition number="47" type="jump" coverage="100%" />
              </conditions>
            </line>
            <line number="98" hits="12" branch="False" />
            <line number="99" hits="12" branch="True" condition-coverage="100% (2/2)">
              <conditions>
                <condition number="63" type="jump" coverage="100%" />
              </conditions>
            </line>
            <line number="100" hits="8" branch="False" />
            <line number="101" hits="8" branch="False" />
            <line number="102" hits="8" branch="False" />
            <line number="104" hits="4" branch="False" />
            <line number="105" hits="4" branch="True" condition-coverage="100% (2/2)">
              <conditions>
                <condition number="98" type="jump" coverage="100%" />
              </conditions>
            </line>
            <line number="106" hits="2" branch="False" />
            <line number="107" hits="2" branch="False" />
            <line number="108" hits="2" branch="False" />
            <line number="109" hits="2" branch="False" />
            <line number="110" hits="2" branch="False" />
            <line number="112" hits="2" branch="False" />
            <line number="113" hits="2" branch="False" />
            <line number="114" hits="2" branch="False" />
            <line number="115" hits="2" branch="False" />
            <line number="116" hits="2" branch="False" />
            <line number="117" hits="4" branch="False" />
            <line number="118" hits="12" branch="True" condition-coverage="100% (2/2)">
              <conditions>
                <condition number="220" type="jump" coverage="100%" />
              </conditions>
            </line>
            <line number="119" hits="2" branch="False" />
            <line number="120" hits="2" branch="True" condition-coverage="50% (1/2)">
              <conditions>
                <condition number="230" type="jump" coverage="50%" />
              </conditions>
            </line>
            <line number="121" hits="2" branch="True" condition-coverage="50% (1/2)">
              <conditions>
                <condition number="253" type="jump" coverage="50%" />
              </conditions>
            </line>
            <line number="122" hits="0" branch="False" />
            <line number="123" hits="0" branch="False" />
            <line number="124" hits="0" branch="False" />
            <line number="126" hits="0" branch="False" />
            <line number="127" hits="0" branch="False" />
            <line number="129" hits="2" branch="False" />
            <line number="130" hits="2" branch="False" />
            <line number="131" hits="2" branch="False" />
            <line number="132" hits="2" branch="False" />
            <line number="133" hits="2" branch="False" />
            <line number="134" hits="2" branch="False" />
            <line number="135" hits="10" branch="True" condition-coverage="100% (2/2)">
              <conditions>
                <condition number="389" type="jump" coverage="100%" />
              </conditions>
            </line>
            <line number="136" hits="8" branch="False" />
            <line number="137" hits="8" branch="True" condition-coverage="50% (1/2)">
              <conditions>
                <condition number="402" type="jump" coverage="50%" />
              </conditions>
            </line>
            <line number="138" hits="0" branch="False" />
            <line number="139" hits="0" branch="False" />
            <line number="140" hits="0" branch="False" />
            <line number="142" hits="8" branch="False" />
            <line number="143" hits="8" branch="False" />
            <line number="144" hits="8" branch="False" />
            <line number="145" hits="8" branch="False" />
            <line number="146" hits="2" branch="True" condition-coverage="100% (2/2)">
              <conditions>
                <condition number="470" type="jump" coverage="100%" />
              </conditions>
            </line>
            <line number="147" hits="2" branch="False" />
            <line number="148" hits="2" branch="False" />
            <line number="149" hits="2" branch="False" />
            <line number="150" hits="24" branch="False" />
            <line number="153" hits="4" branch="False" />
            <line number="154" hits="4" branch="True" condition-coverage="100% (2/2)">
              <conditions>
                <condition number="10" type="jump" coverage="100%" />
              </conditions>
            </line>
            <line number="155" hits="4" branch="False" />
            <line number="156" hits="4" branch="True" condition-coverage="50% (1/2)">
              <conditions>
                <condition number="36" type="jump" coverage="50%" />
              </conditions>
            </line>
            <line number="157" hits="0" branch="False" />
            <line number="159" hits="0" branch="False" />
            <line number="160" hits="0" branch="False" />
            <line number="161" hits="0" branch="True" condition-coverage="0% (0/2)">
              <conditions>
                <condition number="77" type="jump" coverage="0%" />
              </conditions>
            </line>
            <line number="162" hits="0" branch="False" />
            <line number="163" hits="0" branch="False" />
            <line number="164" hits="0" branch="False" />
            <line number="165" hits="0" branch="False" />
            <line number="166" hits="0" branch="False" />
            <line number="167" hits="0" branch="False" />
            <line number="170" hits="4" branch="False" />
            <line number="171" hits="4" branch="False" />
            <line number="172" hits="4" branch="True" condition-coverage="100% (2/2)">
              <conditions>
                <condition number="147" type="jump" coverage="100%" />
              </conditions>
            </line>
            <line number="173" hits="2" branch="False" />
            <line number="174" hits="2" branch="False" />
            <line number="175" hits="2" branch="False" />
            <line number="177" hits="2" branch="False" />
            <line number="178" hits="2" branch="True" condition-coverage="50% (1/2)">
              <conditions>
                <condition number="183" type="jump" coverage="50%" />
              </conditions>
            </line>
            <line number="179" hits="2" branch="False" />
            <line number="180" hits="2" branch="True" condition-coverage="50% (1/2)">
              <conditions>
                <condition number="191" type="jump" coverage="50%" />
              </conditions>
            </line>
            <line number="181" hits="0" branch="False" />
            <line number="182" hits="0" branch="False" />
            <line number="183" hits="0" branch="False" />
            <line number="184" hits="0" branch="False" />
            <line number="185" hits="0" branch="False" />
            <line number="187" hits="2" branch="False" />
            <line number="188" hits="2" branch="False" />
            <line number="189" hits="2" branch="False" />
            <line number="190" hits="2" branch="False" />
            <line number="191" hits="2" branch="False" />
            <line number="192" hits="2" branch="False" />
            <line number="193" hits="0" branch="True" condition-coverage="0% (0/2)">
              <conditions>
                <condition number="313" type="jump" coverage="0%" />
              </conditions>
            </line>
            <line number="194" hits="0" branch="False" />
            <line number="195" hits="0" branch="True" condition-coverage="0% (0/2)">
              <conditions>
                <condition number="321" type="jump" coverage="0%" />
              </conditions>
            </line>
            <line number="196" hits="0" branch="False" />
            <line number="197" hits="0" branch="False" />
            <line number="198" hits="0" branch="False" />
            <line number="199" hits="0" branch="False" />
            <line number="200" hits="0" branch="False" />
            <line number="202" hits="0" branch="False" />
            <line number="203" hits="0" branch="False" />
            <line number="204" hits="0" branch="False" />
            <line number="205" hits="0" branch="False" />
            <line number="206" hits="0" branch="False" />
            <line number="207" hits="0" branch="False" />
            <line number="208" hits="0" branch="True" condition-coverage="0% (0/2)">
              <conditions>
                <condition number="454" type="jump" coverage="0%" />
              </conditions>
            </line>
            <line number="209" hits="0" branch="False" />
            <line number="210" hits="0" branch="False" />
            <line number="211" hits="0" branch="False" />
            <line number="212" hits="0" branch="True" condition-coverage="50% (1/2)">
              <conditions>
                <condition number="503" type="jump" coverage="50%" />
              </conditions>
            </line>
            <line number="213" hits="0" branch="False" />
            <line number="214" hits="0" branch="False" />
            <line number="215" hits="0" branch="False" />
            <line number="216" hits="4" branch="False" />
            <line number="219" hits="4" branch="False" />
            <line number="220" hits="12" branch="True" condition-coverage="100% (2/2)">
              <conditions>
                <condition number="22" type="jump" coverage="100%" />
              </conditions>
            </line>
            <line number="221" hits="4" branch="False" />
            <line number="30" hits="8" branch="False" />
            <line number="31" hits="8" branch="True" condition-coverage="87.5% (7/8)">
              <conditions>
                <condition number="10" type="jump" coverage="100%" />
                <condition number="21" type="jump" coverage="100%" />
                <condition number="34" type="jump" coverage="100%" />
                <condition number="47" type="jump" coverage="50%" />
              </conditions>
            </line>
            <line number="35" hits="0" branch="False" />
            <line number="37" hits="3" branch="False" />
            <line number="38" hits="3" branch="False" />
            <line number="39" hits="3" branch="False" />
            <line number="41" hits="4" branch="True" condition-coverage="100% (2/2)">
              <conditions>
                <condition number="126" type="jump" coverage="100%" />
              </conditions>
            </line>
            <line number="42" hits="1" branch="False" />
            <line number="43" hits="1" branch="False" />
            <line number="44" hits="1" branch="True" condition-coverage="50% (1/2)">
              <conditions>
                <condition number="168" type="jump" coverage="50%" />
              </conditions>
            </line>
            <line number="45" hits="1" branch="False" />
            <line number="46" hits="24" branch="True" condition-coverage="100% (2/2)">
              <conditions>
                <condition number="283" type="jump" coverage="100%" />
              </conditions>
            </line>
            <line number="47" hits="6" branch="False" />
            <line number="48" hits="7" branch="True" condition-coverage="100% (2/2)">
              <conditions>
                <condition number="226" type="jump" coverage="100%" />
              </conditions>
            </line>
            <line number="49" hits="5" branch="False" />
            <line number="50" hits="5" branch="False" />
            <line number="51" hits="5" branch="False" />
            <line number="52" hits="5" branch="False" />
            <line number="53" hits="4" branch="False" />
            <line number="55" hits="6" branch="True" condition-coverage="100% (2/2)">
              <conditions>
                <condition number="384" type="jump" coverage="100%" />
              </conditions>
            </line>
            <line number="56" hits="2" branch="False" />
            <line number="57" hits="2" branch="False" />
            <line number="58" hits="2" branch="False" />
            <line number="59" hits="2" branch="False" />
            <line number="60" hits="2" branch="False" />
            <line number="61" hits="1" branch="False" />
            <line number="64" hits="0" branch="True" condition-coverage="0% (0/4)">
              <conditions>
                <condition number="399" type="jump" coverage="0%" />
                <condition number="420" type="jump" coverage="0%" />
              </conditions>
            </line>
            <line number="65" hits="0" branch="False" />
            <line number="66" hits="0" branch="False" />
            <line number="67" hits="0" branch="True" condition-coverage="0% (0/2)">
              <conditions>
                <condition number="501" type="jump" coverage="0%" />
              </conditions>
            </line>
            <line number="68" hits="0" branch="False" />
            <line number="69" hits="0" branch="False" />
            <line number="70" hits="0" branch="False" />
            <line number="71" hits="0" branch="False" />
            <line number="72" hits="0" branch="False" />
            <line number="73" hits="0" branch="False" />
            <line number="74" hits="0" branch="False" />
            <line number="76" hits="0" branch="False" />
            <line number="78" hits="0" branch="False" />
            <line number="79" hits="0" branch="True" condition-coverage="0% (0/2)">
              <conditions>
                <condition number="570" type="jump" coverage="0%" />
              </conditions>
            </line>
            <line number="80" hits="0" branch="False" />
            <line number="81" hits="0" branch="False" />
            <line number="83" hits="8" branch="False" />
          </lines>
        </class>
        <class name="AppConfigCli.Core.ItemFilter" filename="ItemFilter.cs" line-rate="1" branch-rate="0.9444" complexity="54">
          <methods>
            <method name="Visible" signature="(System.Collections.Generic.IEnumerable`1&lt;AppConfigCli.Core.Item&gt;,System.String,System.Text.RegularExpressions.Regex)" line-rate="1" branch-rate="1" complexity="8">
              <lines>
                <line number="17" hits="4" branch="False" />
                <line number="18" hits="4" branch="False" />
                <line number="19" hits="44" branch="True" condition-coverage="100% (2/2)">
                  <conditions>
                    <condition number="90" type="jump" coverage="100%" />
                  </conditions>
                </line>
                <line number="20" hits="16" branch="False" />
                <line number="21" hits="21" branch="True" condition-coverage="100% (2/2)">
                  <conditions>
                    <condition number="42" type="jump" coverage="100%" />
                  </conditions>
                </line>
                <line number="22" hits="12" branch="True" condition-coverage="100% (4/4)">
                  <conditions>
                    <condition number="47" type="jump" coverage="100%" />
                    <condition number="71" type="jump" coverage="100%" />
                  </conditions>
                </line>
                <line number="23" hits="10" branch="False" />
                <line number="24" hits="10" branch="False" />
                <line number="25" hits="4" branch="False" />
                <line number="26" hits="4" branch="False" />
              </lines>
            </method>
            <method name="MapVisibleRangeToSourceIndices" signature="(System.Collections.Generic.IList`1&lt;AppConfigCli.Core.Item&gt;,System.String,System.Text.RegularExpressions.Regex,System.Int32,System.Int32,System.String&amp;)" line-rate="1" branch-rate="0.9411" complexity="34">
              <lines>
                <line number="33" hits="5" branch="False" />
                <line number="34" hits="5" branch="False" />
                <line number="35" hits="5" branch="True" condition-coverage="50% (1/2)">
                  <conditions>
                    <condition number="20" type="jump" coverage="50%" />
                  </conditions>
                </line>
                <line number="38" hits="5" branch="False" />
                <line number="39" hits="55" branch="True" condition-coverage="100% (2/2)">
                  <conditions>
                    <condition number="128" type="jump" coverage="100%" />
                  </conditions>
                </line>
                <line number="40" hits="20" branch="False" />
                <line number="41" hits="25" branch="True" condition-coverage="100% (2/2)">
                  <conditions>
                    <condition number="82" type="jump" coverage="100%" />
                  </conditions>
                </line>
                <line number="42" hits="15" branch="True" condition-coverage="100% (4/4)">
                  <conditions>
                    <condition number="87" type="jump" coverage="100%" />
                    <condition number="112" type="jump" coverage="100%" />
                  </conditions>
                </line>
                <line number="43" hits="15" branch="False" />
                <line number="44" hits="15" branch="False" />
                <line number="46" hits="5" branch="True" condition-coverage="50% (1/2)">
                  <conditions>
                    <condition number="154" type="jump" coverage="50%" />
                  </conditions>
                </line>
                <line number="47" hits="5" branch="True" condition-coverage="100% (8/8)">
                  <conditions>
                    <condition number="165" type="jump" coverage="100%" />
                    <condition number="170" type="jump" coverage="100%" />
                    <condition number="174" type="jump" coverage="100%" />
                    <condition number="188" type="jump" coverage="100%" />
                  </conditions>
                </line>
                <line number="48" hits="1" branch="False" />
                <line number="49" hits="1" branch="False" />
                <line number="50" hits="1" branch="False" />
                <line number="53" hits="4" branch="False" />
                <line number="54" hits="4" branch="False" />
                <line number="55" hits="28" branch="True" condition-coverage="100% (2/2)">
                  <conditions>
                    <condition number="355" type="jump" coverage="100%" />
                  </conditions>
                </line>
                <line number="56" hits="13" branch="False" />
                <line number="57" hits="13" branch="False" />
                <line number="58" hits="15" branch="True" condition-coverage="100% (2/2)">
                  <conditions>
                    <condition number="251" type="jump" coverage="100%" />
                  </conditions>
                </line>
                <line number="59" hits="11" branch="True" condition-coverage="100% (4/4)">
                  <conditions>
                    <condition number="256" type="jump" coverage="100%" />
                    <condition number="281" type="jump" coverage="100%" />
                  </conditions>
                </line>
                <line number="60" hits="11" branch="False" />
                <line number="61" hits="11" branch="True" condition-coverage="100% (4/4)">
                  <conditions>
                    <condition number="291" type="jump" coverage="100%" />
                    <condition number="308" type="jump" coverage="100%" />
                  </conditions>
                </line>
                <line number="62" hits="6" branch="False" />
                <line number="63" hits="6" branch="False" />
                <line number="64" hits="6" branch="False" />
                <line number="65" hits="14" branch="True" condition-coverage="100% (2/2)">
                  <conditions>
                    <condition number="330" type="jump" coverage="100%" />
                  </conditions>
                </line>
                <line number="66" hits="8" branch="False" />
                <line number="67" hits="4" branch="False" />
                <line number="68" hits="5" branch="False" />
              </lines>
            </method>
            <method name="VisibleIndices" signature="(System.Collections.Generic.IList`1&lt;AppConfigCli.Core.Item&gt;,System.String,System.Text.RegularExpressions.Regex)" line-rate="1" branch-rate="0.875" complexity="8">
              <lines>
                <line number="75" hits="1" branch="False" />
                <line number="76" hits="1" branch="False" />
                <line number="77" hits="10" branch="True" condition-coverage="100% (2/2)">
                  <conditions>
                    <condition number="102" type="jump" coverage="100%" />
                  </conditions>
                </line>
                <line number="78" hits="4" branch="False" />
                <line number="79" hits="4" branch="False" />
                <line number="80" hits="4" branch="True" condition-coverage="100% (2/2)">
                  <conditions>
                    <condition number="43" type="jump" coverage="100%" />
                  </conditions>
                </line>
                <line number="81" hits="5" branch="True" condition-coverage="75% (3/4)">
                  <conditions>
                    <condition number="48" type="jump" coverage="50%" />
                    <condition number="72" type="jump" coverage="100%" />
                  </conditions>
                </line>
                <line number="82" hits="3" branch="False" />
                <line number="83" hits="3" branch="False" />
                <line number="84" hits="1" branch="False" />
                <line number="85" hits="1" branch="False" />
              </lines>
            </method>
            <method name="MatchesLabel" signature="(System.String,System.String)" line-rate="1" branch-rate="1" complexity="4">
              <lines>
                <line number="88" hits="53" branch="False" />
                <line number="89" hits="86" branch="True" condition-coverage="100% (2/2)">
                  <conditions>
                    <condition number="7" type="jump" coverage="100%" />
                  </conditions>
                </line>
                <line number="90" hits="24" branch="True" condition-coverage="100% (2/2)">
                  <conditions>
                    <condition number="24" type="jump" coverage="100%" />
                  </conditions>
                </line>
                <line number="91" hits="16" branch="False" />
                <line number="92" hits="53" branch="False" />
              </lines>
            </method>
          </methods>
          <lines>
            <line number="17" hits="4" branch="False" />
            <line number="18" hits="4" branch="False" />
            <line number="19" hits="44" branch="True" condition-coverage="100% (2/2)">
              <conditions>
                <condition number="90" type="jump" coverage="100%" />
              </conditions>
            </line>
            <line number="20" hits="16" branch="False" />
            <line number="21" hits="21" branch="True" condition-coverage="100% (2/2)">
              <conditions>
                <condition number="42" type="jump" coverage="100%" />
              </conditions>
            </line>
            <line number="22" hits="12" branch="True" condition-coverage="100% (4/4)">
              <conditions>
                <condition number="47" type="jump" coverage="100%" />
                <condition number="71" type="jump" coverage="100%" />
              </conditions>
            </line>
            <line number="23" hits="10" branch="False" />
            <line number="24" hits="10" branch="False" />
            <line number="25" hits="4" branch="False" />
            <line number="26" hits="4" branch="False" />
            <line number="33" hits="5" branch="False" />
            <line number="34" hits="5" branch="False" />
            <line number="35" hits="5" branch="True" condition-coverage="50% (1/2)">
              <conditions>
                <condition number="20" type="jump" coverage="50%" />
              </conditions>
            </line>
            <line number="38" hits="5" branch="False" />
            <line number="39" hits="55" branch="True" condition-coverage="100% (2/2)">
              <conditions>
                <condition number="128" type="jump" coverage="100%" />
              </conditions>
            </line>
            <line number="40" hits="20" branch="False" />
            <line number="41" hits="25" branch="True" condition-coverage="100% (2/2)">
              <conditions>
                <condition number="82" type="jump" coverage="100%" />
              </conditions>
            </line>
            <line number="42" hits="15" branch="True" condition-coverage="100% (4/4)">
              <conditions>
                <condition number="87" type="jump" coverage="100%" />
                <condition number="112" type="jump" coverage="100%" />
              </conditions>
            </line>
            <line number="43" hits="15" branch="False" />
            <line number="44" hits="15" branch="False" />
            <line number="46" hits="5" branch="True" condition-coverage="50% (1/2)">
              <conditions>
                <condition number="154" type="jump" coverage="50%" />
              </conditions>
            </line>
            <line number="47" hits="5" branch="True" condition-coverage="100% (8/8)">
              <conditions>
                <condition number="165" type="jump" coverage="100%" />
                <condition number="170" type="jump" coverage="100%" />
                <condition number="174" type="jump" coverage="100%" />
                <condition number="188" type="jump" coverage="100%" />
              </conditions>
            </line>
            <line number="48" hits="1" branch="False" />
            <line number="49" hits="1" branch="False" />
            <line number="50" hits="1" branch="False" />
            <line number="53" hits="4" branch="False" />
            <line number="54" hits="4" branch="False" />
            <line number="55" hits="28" branch="True" condition-coverage="100% (2/2)">
              <conditions>
                <condition number="355" type="jump" coverage="100%" />
              </conditions>
            </line>
            <line number="56" hits="13" branch="False" />
            <line number="57" hits="13" branch="False" />
            <line number="58" hits="15" branch="True" condition-coverage="100% (2/2)">
              <conditions>
                <condition number="251" type="jump" coverage="100%" />
              </conditions>
            </line>
            <line number="59" hits="11" branch="True" condition-coverage="100% (4/4)">
              <conditions>
                <condition number="256" type="jump" coverage="100%" />
                <condition number="281" type="jump" coverage="100%" />
              </conditions>
            </line>
            <line number="60" hits="11" branch="False" />
            <line number="61" hits="11" branch="True" condition-coverage="100% (4/4)">
              <conditions>
                <condition number="291" type="jump" coverage="100%" />
                <condition number="308" type="jump" coverage="100%" />
              </conditions>
            </line>
            <line number="62" hits="6" branch="False" />
            <line number="63" hits="6" branch="False" />
            <line number="64" hits="6" branch="False" />
            <line number="65" hits="14" branch="True" condition-coverage="100% (2/2)">
              <conditions>
                <condition number="330" type="jump" coverage="100%" />
              </conditions>
            </line>
            <line number="66" hits="8" branch="False" />
            <line number="67" hits="4" branch="False" />
            <line number="68" hits="5" branch="False" />
            <line number="75" hits="1" branch="False" />
            <line number="76" hits="1" branch="False" />
            <line number="77" hits="10" branch="True" condition-coverage="100% (2/2)">
              <conditions>
                <condition number="102" type="jump" coverage="100%" />
              </conditions>
            </line>
            <line number="78" hits="4" branch="False" />
            <line number="79" hits="4" branch="False" />
            <line number="80" hits="4" branch="True" condition-coverage="100% (2/2)">
              <conditions>
                <condition number="43" type="jump" coverage="100%" />
              </conditions>
            </line>
            <line number="81" hits="5" branch="True" condition-coverage="75% (3/4)">
              <conditions>
                <condition number="48" type="jump" coverage="50%" />
                <condition number="72" type="jump" coverage="100%" />
              </conditions>
            </line>
            <line number="82" hits="3" branch="False" />
            <line number="83" hits="3" branch="False" />
            <line number="84" hits="1" branch="False" />
            <line number="85" hits="1" branch="False" />
            <line number="88" hits="53" branch="False" />
            <line number="89" hits="86" branch="True" condition-coverage="100% (2/2)">
              <conditions>
                <condition number="7" type="jump" coverage="100%" />
              </conditions>
            </line>
            <line number="90" hits="24" branch="True" condition-coverage="100% (2/2)">
              <conditions>
                <condition number="24" type="jump" coverage="100%" />
              </conditions>
            </line>
            <line number="91" hits="16" branch="False" />
            <line number="92" hits="53" branch="False" />
          </lines>
        </class>
        <class name="AppConfigCli.Core.LabelFilter" filename="LabelFilter.cs" line-rate="1" branch-rate="1" complexity="6">
          <methods>
            <method name="ForSelector" signature="(System.String)" line-rate="1" branch-rate="1" complexity="4">
              <lines>
                <line number="16" hits="4" branch="False" />
                <line number="17" hits="5" branch="True" condition-coverage="100% (2/2)">
                  <conditions>
                    <condition number="7" type="jump" coverage="100%" />
                  </conditions>
                </line>
                <line number="18" hits="4" branch="True" condition-coverage="100% (2/2)">
                  <conditions>
                    <condition number="24" type="jump" coverage="100%" />
                  </conditions>
                </line>
                <line number="19" hits="2" branch="False" />
                <line number="20" hits="4" branch="False" />
              </lines>
            </method>
            <method name="ForWrite" signature="(System.String)" line-rate="1" branch-rate="1" complexity="2">
              <lines>
                <line number="27" hits="4" branch="True" condition-coverage="100% (2/2)">
                  <conditions>
                    <condition number="6" type="jump" coverage="100%" />
                  </conditions>
                </line>
              </lines>
            </method>
          </methods>
          <lines>
            <line number="16" hits="4" branch="False" />
            <line number="17" hits="5" branch="True" condition-coverage="100% (2/2)">
              <conditions>
                <condition number="7" type="jump" coverage="100%" />
              </conditions>
            </line>
            <line number="18" hits="4" branch="True" condition-coverage="100% (2/2)">
              <conditions>
                <condition number="24" type="jump" coverage="100%" />
              </conditions>
            </line>
            <line number="19" hits="2" branch="False" />
            <line number="20" hits="4" branch="False" />
            <line number="27" hits="4" branch="True" condition-coverage="100% (2/2)">
              <conditions>
                <condition number="6" type="jump" coverage="100%" />
              </conditions>
            </line>
          </lines>
        </class>
        <class name="AppConfigCli.Core.Item" filename="Models.cs" line-rate="1" branch-rate="1" complexity="6">
          <methods>
            <method name="get_FullKey" signature="()" line-rate="1" branch-rate="1" complexity="1">
              <lines>
                <line number="7" hits="56" branch="False" />
              </lines>
            </method>
            <method name="get_ShortKey" signature="()" line-rate="1" branch-rate="1" complexity="1">
              <lines>
                <line number="8" hits="63" branch="False" />
              </lines>
            </method>
            <method name="get_Label" signature="()" line-rate="1" branch-rate="1" complexity="1">
              <lines>
                <line number="9" hits="108" branch="False" />
              </lines>
            </method>
            <method name="get_OriginalValue" signature="()" line-rate="1" branch-rate="1" complexity="1">
              <lines>
                <line number="10" hits="45" branch="False" />
              </lines>
            </method>
            <method name="get_Value" signature="()" line-rate="1" branch-rate="1" complexity="1">
              <lines>
                <line number="11" hits="49" branch="False" />
              </lines>
            </method>
            <method name="get_State" signature="()" line-rate="1" branch-rate="1" complexity="1">
              <lines>
                <line number="12" hits="95" branch="False" />
              </lines>
            </method>
          </methods>
          <lines>
            <line number="7" hits="56" branch="False" />
            <line number="8" hits="63" branch="False" />
            <line number="9" hits="108" branch="False" />
            <line number="10" hits="45" branch="False" />
            <line number="11" hits="49" branch="False" />
            <line number="12" hits="95" branch="False" />
          </lines>
        </class>
        <class name="AppConfigCli.Core.ConfigEntry" filename="Models.cs" line-rate="1" branch-rate="1" complexity="3">
          <methods>
            <method name="get_Key" signature="()" line-rate="1" branch-rate="1" complexity="1">
              <lines>
                <line number="17" hits="6" branch="False" />
              </lines>
            </method>
            <method name="get_Label" signature="()" line-rate="1" branch-rate="1" complexity="1">
              <lines>
                <line number="18" hits="3" branch="False" />
              </lines>
            </method>
            <method name="get_Value" signature="()" line-rate="1" branch-rate="1" complexity="1">
              <lines>
                <line number="19" hits="4" branch="False" />
              </lines>
            </method>
          </methods>
          <lines>
            <line number="17" hits="6" branch="False" />
            <line number="18" hits="3" branch="False" />
            <line number="19" hits="4" branch="False" />
          </lines>
        </class>
      </classes>
    </package>
  </packages>
</coverage>